0 info it worked if it ends with ok
1 verbose cli [ 'D:\\nodeJS\\node.exe',
1 verbose cli   'D:\\nodeJS\\node_modules\\npm\\bin\\npm-cli.js',
1 verbose cli   'run',
1 verbose cli   'serve' ]
2 info using npm@3.10.10
3 info using node@v6.11.2
4 verbose run-script [ 'preserve', 'serve', 'postserve' ]
5 info lifecycle @~preserve: @
6 silly lifecycle @~preserve: no script for preserve, continuing
7 info lifecycle @~serve: @
8 verbose lifecycle @~serve: unsafe-perm in lifecycle true
9 verbose lifecycle @~serve: PATH: D:\nodeJS\node_modules\npm\bin\node-gyp-bin;C:\Users\baler\Desktop\Laura\GitHub\ghrFront-develop\node_modules\.bin;D:\cmder\bin;D:\cmder\vendor\git-for-windows\cmd;D:\cmder\vendor\conemu-maximus5\ConEmu\Scripts;D:\cmder\vendor\conemu-maximus5;D:\cmder\vendor\conemu-maximus5\ConEmu;C:\WINDOWS\system32;C:\WINDOWS;C:\WINDOWS\System32\Wbem;C:\WINDOWS\System32\WindowsPowerShell\v1.0\;C:\Program Files (x86)\NVIDIA Corporation\PhysX\Common;C:\WINDOWS\system32;C:\WINDOWS;C:\WINDOWS\System32\Wbem;C:\WINDOWS\System32\WindowsPowerShell\v1.0\;D:\nodeJS\;C:\Users\baler\AppData\Local\Microsoft\WindowsApps;C:\Users\baler\AppData\Local\atom\bin;C:\Users\baler\AppData\Local\GitHubDesktop\bin;C:\Users\baler\AppData\Roaming\npm;D:\cmder\vendor\git-for-windows\usr\bin;D:\cmder\vendor\git-for-windows\usr\share\vim\vim74;D:\cmder\
10 verbose lifecycle @~serve: CWD: C:\Users\baler\Desktop\Laura\GitHub\ghrFront-develop
11 silly lifecycle @~serve: Args: [ '/d /s /c', 'gulp clean && gulp serve' ]
12 verbose stack Error: kill ENOSYS
12 verbose stack     at exports._errnoException (util.js:1020:11)
12 verbose stack     at process.kill (internal/process.js:190:13)
12 verbose stack     at process.listener (D:\nodeJS\node_modules\npm\node_modules\npmlog\node_modules\gauge\node_modules\signal-exit\index.js:86:15)
12 verbose stack     at emitNone (events.js:91:20)
12 verbose stack     at process.emit (events.js:185:7)
12 verbose stack     at processEmit (D:\nodeJS\node_modules\npm\node_modules\npmlog\node_modules\gauge\node_modules\signal-exit\index.js:146:32)
12 verbose stack     at processEmit (D:\nodeJS\node_modules\npm\node_modules\npm-registry-client\node_modules\npmlog\node_modules\gauge\node_modules\signal-exit\index.js:146:32)
12 verbose stack     at Signal.wrap.onsignal (internal/process.js:217:44)
13 verbose cwd C:\Users\baler\Desktop\Laura\GitHub\ghrFront-develop
14 error Windows_NT 10.0.15063
15 error argv "D:\\nodeJS\\node.exe" "D:\\nodeJS\\node_modules\\npm\\bin\\npm-cli.js" "run" "serve"
16 error node v6.11.2
17 error npm  v3.10.10
18 error code ENOSYS
19 error errno ENOSYS
20 error syscall kill
21 error kill ENOSYS
22 error If you need help, you may report this error at:
22 error     <https://github.com/npm/npm/issues>
23 verbose exit [ 1, true ]
